
///////////////////////////////////
// Efinity Synthesis Started 
// Jun 22, 2023 06:54:05
///////////////////////////////////


///////////////////////////////////
// Efinity Synthesis Started 
// Sep 23, 2024 21:29:46
///////////////////////////////////

[EFX-0010 VERI-ERROR] instantiating unknown module 'i2c_timing_ctrl' (VERI-1063) (D:\FPGA_learning\Q_Project_item\Ti60F225_ADV7611\V5_Ti60_AR0135_HDMI\example_top.v:635)
[EFX-0021 ERROR] Verific elaboration of module 'example_top' failed.

///////////////////////////////////
// Efinity Synthesis Started 
// Sep 23, 2024 21:30:05
///////////////////////////////////

[EFX-0010 VERI-ERROR] instantiating unknown module 'W0_FIFO_128' (VERI-1063) (D:\FPGA_learning\Q_Project_item\Ti60F225_ADV7611\V5_Ti60_AR0135_HDMI\src\axi\axi4_ctrl.v:334)
[EFX-0021 ERROR] Verific elaboration of module 'example_top' failed.

///////////////////////////////////
// Efinity Synthesis Started 
// Sep 23, 2024 21:32:41
///////////////////////////////////


///////////////////////////////////
// Efinity Synthesis Started 
// Sep 23, 2024 21:41:45
///////////////////////////////////


///////////////////////////////////
// Efinity Synthesis Started 
// Sep 23, 2024 21:52:06
///////////////////////////////////


///////////////////////////////////
// Efinity Synthesis Started 
// Sep 23, 2024 21:59:40
///////////////////////////////////


///////////////////////////////////
// Efinity Synthesis Started 
// Sep 23, 2024 22:16:36
///////////////////////////////////


///////////////////////////////////
// Efinity Synthesis Started 
// Sep 23, 2024 22:26:43
///////////////////////////////////


///////////////////////////////////
// Efinity Synthesis Started 
// Sep 24, 2024 13:10:14
///////////////////////////////////


///////////////////////////////////
// Efinity Synthesis Started 
// Sep 24, 2024 13:20:26
///////////////////////////////////


///////////////////////////////////
// Efinity Synthesis Started 
// Sep 24, 2024 13:25:20
///////////////////////////////////


///////////////////////////////////
// Efinity Synthesis Started 
// Sep 28, 2024 21:08:46
///////////////////////////////////


///////////////////////////////////
// Efinity Synthesis Started 
// Sep 29, 2024 11:15:37
///////////////////////////////////


///////////////////////////////////
// Efinity Synthesis Started 
// Sep 29, 2024 11:27:28
///////////////////////////////////


///////////////////////////////////
// Efinity Synthesis Started 
// Sep 29, 2024 11:39:39
///////////////////////////////////


///////////////////////////////////
// Efinity Synthesis Started 
// Nov 03, 2024 18:51:01
///////////////////////////////////


///////////////////////////////////
// Efinity Synthesis Started 
// Nov 03, 2024 19:52:53
///////////////////////////////////

[EFX-0010 VERI-ERROR] instantiating unknown module 'bilinear_interpolation' (VERI-1063) (C:\Users\Administrator\Desktop\wujisuofang\Ti60F225_ADV7611_HDMI_480P\Ti60_ADV7611_HDMI_640x480_EDID\example_top.v:873)
[EFX-0021 ERROR] Verific elaboration of module 'example_top' failed.

///////////////////////////////////
// Efinity Synthesis Started 
// Nov 03, 2024 19:56:59
///////////////////////////////////

[EFX-0010 VERI-ERROR] instantiating unknown module 'bilinear_interpolation' (VERI-1063) (C:\Users\Administrator\Desktop\wujisuofang\Ti60F225_ADV7611_HDMI_480P\Ti60_ADV7611_HDMI_640x480_EDID\example_top.v:873)
[EFX-0021 ERROR] Verific elaboration of module 'example_top' failed.

///////////////////////////////////
// Efinity Synthesis Started 
// Nov 03, 2024 19:59:23
///////////////////////////////////

[EFX-0010 VERI-ERROR] instantiating unknown module 'my_bram_ip' (VERI-1063) (C:\Users\Administrator\Desktop\wujisuofang\Ti60F225_ADV7611_HDMI_480P\Ti60_ADV7611_HDMI_640x480_EDID\src\isp\bilinear_interpolation.v:193)
[EFX-0021 ERROR] Verific elaboration of module 'example_top' failed.

///////////////////////////////////
// Efinity Synthesis Started 
// Nov 03, 2024 20:01:04
///////////////////////////////////


///////////////////////////////////
// Efinity Synthesis Started 
// Nov 03, 2024 20:09:48
///////////////////////////////////


///////////////////////////////////
// Efinity Synthesis Started 
// Nov 03, 2024 20:27:21
///////////////////////////////////


///////////////////////////////////
// Efinity Synthesis Started 
// Nov 03, 2024 20:37:01
///////////////////////////////////


///////////////////////////////////
// Efinity Synthesis Started 
// Nov 03, 2024 20:51:51
///////////////////////////////////


///////////////////////////////////
// Efinity Synthesis Started 
// Nov 04, 2024 16:43:30
///////////////////////////////////

[EFX-0010 VERI-ERROR] net 'C_X_RATIO[15]' is constantly driven from multiple places (VDB-1000) (C:\Users\Administrator\Desktop\wujisuofang\Ti60F225_ADV7611_HDMI_480P\Ti60_ADV7611_HDMI_640x480_EDID\src\isp\bilinear_interpolation.v:52)
[EFX-0010 VERI-ERROR] found another driver here (VDB-1001) (C:\Users\Administrator\Desktop\wujisuofang\Ti60F225_ADV7611_HDMI_480P\Ti60_ADV7611_HDMI_640x480_EDID\src\isp\bilinear_interpolation.v:51)
[EFX-0021 ERROR] Verific elaboration of module 'example_top' failed.

///////////////////////////////////
// Efinity Synthesis Started 
// Nov 04, 2024 16:45:29
///////////////////////////////////


///////////////////////////////////
// Efinity Synthesis Started 
// Nov 04, 2024 16:47:26
///////////////////////////////////


///////////////////////////////////
// Efinity Synthesis Started 
// Nov 04, 2024 19:25:59
///////////////////////////////////


///////////////////////////////////
// Efinity Synthesis Started 
// Nov 04, 2024 19:33:51
///////////////////////////////////


///////////////////////////////////
// Efinity Synthesis Started 
// Nov 04, 2024 19:46:45
///////////////////////////////////


///////////////////////////////////
// Efinity Synthesis Started 
// Nov 04, 2024 19:53:55
///////////////////////////////////

[EFX-0010 VERI-ERROR] module 'axi4_ctrl' does not have a parameter named C_RD_END_ADDR (VERI-1184) (C:\Users\Administrator\Desktop\wujisuofang\Ti60F225_ADV7611_HDMI_480P\Ti60_ADV7611_HDMI_640x480_EDID\example_top.v:976)
[EFX-0021 ERROR] Verific elaboration of module 'example_top' failed.

///////////////////////////////////
// Efinity Synthesis Started 
// Nov 04, 2024 19:54:52
///////////////////////////////////


///////////////////////////////////
// Efinity Synthesis Started 
// Nov 04, 2024 20:03:02
///////////////////////////////////


///////////////////////////////////
// Efinity Synthesis Started 
// Nov 04, 2024 20:10:57
///////////////////////////////////


///////////////////////////////////
// Efinity Synthesis Started 
// Nov 04, 2024 20:15:07
///////////////////////////////////


///////////////////////////////////
// Efinity Synthesis Started 
// Nov 04, 2024 20:22:08
///////////////////////////////////


///////////////////////////////////
// Efinity Synthesis Started 
// Nov 04, 2024 20:23:43
///////////////////////////////////


///////////////////////////////////
// Efinity Synthesis Started 
// Nov 04, 2024 20:32:34
///////////////////////////////////

[EFX-0010 VERI-ERROR] cannot find port 'C_DST_IMG_WIDTH' on this module (VERI-1010) (C:\Users\Administrator\Desktop\wujisuofang\Ti60F225_ADV7611_HDMI_480P\Ti60_ADV7611_HDMI_640x480_EDID\example_top.v:925)
[EFX-0010 VERI-ERROR] cannot find port 'C_DST_IMG_HEIGHT' on this module (VERI-1010) (C:\Users\Administrator\Desktop\wujisuofang\Ti60F225_ADV7611_HDMI_480P\Ti60_ADV7611_HDMI_640x480_EDID\example_top.v:926)
[EFX-0021 ERROR] Verific elaboration of module 'example_top' failed.

///////////////////////////////////
// Efinity Synthesis Started 
// Nov 04, 2024 20:33:40
///////////////////////////////////


///////////////////////////////////
// Efinity Synthesis Started 
// Nov 04, 2024 20:39:33
///////////////////////////////////


///////////////////////////////////
// Efinity Synthesis Started 
// Nov 04, 2024 20:57:31
///////////////////////////////////


///////////////////////////////////
// Efinity Synthesis Started 
// Nov 04, 2024 20:59:46
///////////////////////////////////


///////////////////////////////////
// Efinity Synthesis Started 
// Nov 04, 2024 21:11:03
///////////////////////////////////


///////////////////////////////////
// Efinity Synthesis Started 
// Nov 04, 2024 21:17:23
///////////////////////////////////


///////////////////////////////////
// Efinity Synthesis Started 
// Nov 04, 2024 21:30:18
///////////////////////////////////


///////////////////////////////////
// Efinity Synthesis Started 
// Nov 04, 2024 21:35:36
///////////////////////////////////


///////////////////////////////////
// Efinity Synthesis Started 
// Nov 04, 2024 21:43:41
///////////////////////////////////


///////////////////////////////////
// Efinity Synthesis Started 
// Nov 04, 2024 21:52:19
///////////////////////////////////


///////////////////////////////////
// Efinity Synthesis Started 
// Nov 04, 2024 22:02:50
///////////////////////////////////


///////////////////////////////////
// Efinity Synthesis Started 
// Nov 06, 2024 16:31:31
///////////////////////////////////

[EFX-0010 VERI-ERROR] concurrent assignment to a non-net 'IMG_HEIGHT' is not permitted (VERI-1195) (C:\Users\Administrator\Desktop\wujisuofang\Ti60F225_ADV7611_HDMI_480P\Ti60_ADV7611_HDMI_640x480_EDID\src\isp\bilinear_interpolation.v:74)
[EFX-0010 VERI-ERROR] module 'bilinear_interpolation' is ignored due to previous errors (VERI-1072) (C:\Users\Administrator\Desktop\wujisuofang\Ti60F225_ADV7611_HDMI_480P\Ti60_ADV7611_HDMI_640x480_EDID\src\isp\bilinear_interpolation.v:1437)

///////////////////////////////////
// Efinity Synthesis Started 
// Nov 06, 2024 16:32:15
///////////////////////////////////

[EFX-0010 VERI-ERROR] instantiating unknown module 'FrameBoundCrop' (VERI-1063) (C:\Users\Administrator\Desktop\wujisuofang\Ti60F225_ADV7611_HDMI_480P\Ti60_ADV7611_HDMI_640x480_EDID\example_top.v:1074)
[EFX-0021 ERROR] Verific elaboration of module 'example_top' failed.

///////////////////////////////////
// Efinity Synthesis Started 
// Nov 06, 2024 16:32:45
///////////////////////////////////


///////////////////////////////////
// Efinity Synthesis Started 
// Nov 06, 2024 18:56:13
///////////////////////////////////


///////////////////////////////////
// Efinity Synthesis Started 
// Nov 06, 2024 18:57:26
///////////////////////////////////


///////////////////////////////////
// Efinity Synthesis Started 
// Nov 06, 2024 19:25:13
///////////////////////////////////


///////////////////////////////////
// Efinity Synthesis Started 
// Nov 06, 2024 19:38:29
///////////////////////////////////


///////////////////////////////////
// Efinity Synthesis Started 
// Nov 06, 2024 19:48:45
///////////////////////////////////

[EFX-0010 VERI-ERROR] concurrent assignment to a non-net 'C_Y_RATIO' is not permitted (VERI-1195) (C:\Users\Administrator\Desktop\wujisuofang\Ti60F225_ADV7611_HDMI_480P\Ti60_ADV7611_HDMI_640x480_EDID\src\isp\bilinear_interpolation.v:81)
[EFX-0010 VERI-ERROR] concurrent assignment to a non-net 'C_X_RATIO' is not permitted (VERI-1195) (C:\Users\Administrator\Desktop\wujisuofang\Ti60F225_ADV7611_HDMI_480P\Ti60_ADV7611_HDMI_640x480_EDID\src\isp\bilinear_interpolation.v:82)
[EFX-0010 VERI-ERROR] module 'bilinear_interpolation' is ignored due to previous errors (VERI-1072) (C:\Users\Administrator\Desktop\wujisuofang\Ti60F225_ADV7611_HDMI_480P\Ti60_ADV7611_HDMI_640x480_EDID\src\isp\bilinear_interpolation.v:1447)

///////////////////////////////////
// Efinity Synthesis Started 
// Nov 06, 2024 19:51:38
///////////////////////////////////


///////////////////////////////////
// Efinity Synthesis Started 
// Nov 06, 2024 19:57:12
///////////////////////////////////


///////////////////////////////////
// Efinity Synthesis Started 
// Nov 06, 2024 20:09:01
///////////////////////////////////


///////////////////////////////////
// Efinity Synthesis Started 
// Nov 06, 2024 20:13:40
///////////////////////////////////


///////////////////////////////////
// Efinity Synthesis Started 
// Nov 06, 2024 20:36:12
///////////////////////////////////


///////////////////////////////////
// Efinity Synthesis Started 
// Nov 06, 2024 20:39:15
///////////////////////////////////


///////////////////////////////////
// Efinity Synthesis Started 
// Nov 06, 2024 20:56:21
///////////////////////////////////


///////////////////////////////////
// Efinity Synthesis Started 
// Nov 06, 2024 21:03:07
///////////////////////////////////


///////////////////////////////////
// Efinity Synthesis Started 
// Nov 06, 2024 21:18:14
///////////////////////////////////


///////////////////////////////////
// Efinity Synthesis Started 
// Nov 06, 2024 21:27:54
///////////////////////////////////


///////////////////////////////////
// Efinity Synthesis Started 
// Nov 06, 2024 21:37:44
///////////////////////////////////


///////////////////////////////////
// Efinity Synthesis Started 
// Nov 06, 2024 21:46:08
///////////////////////////////////


///////////////////////////////////
// Efinity Synthesis Started 
// Nov 06, 2024 22:04:52
///////////////////////////////////


///////////////////////////////////
// Efinity Synthesis Started 
// Nov 06, 2024 22:20:11
///////////////////////////////////


///////////////////////////////////
// Efinity Synthesis Started 
// Nov 06, 2024 22:25:00
///////////////////////////////////


///////////////////////////////////
// Efinity Synthesis Started 
// Nov 07, 2024 10:32:52
///////////////////////////////////

[EFX-0010 VERI-ERROR] instantiating unknown module 'x_ratio_case' (VERI-1063) (C:\Users\Administrator\Desktop\wujisuofang\Ti60F225_ADV7611_HDMI_480P\Ti60_ADV7611_HDMI_640x480_EDID\src\isp\bilinear_interpolation.v:65)
[EFX-0021 ERROR] Verific elaboration of module 'example_top' failed.

///////////////////////////////////
// Efinity Synthesis Started 
// Nov 07, 2024 10:34:34
///////////////////////////////////


///////////////////////////////////
// Efinity Synthesis Started 
// Nov 07, 2024 17:34:31
///////////////////////////////////


///////////////////////////////////
// Efinity Synthesis Started 
// Nov 08, 2024 13:33:18
///////////////////////////////////

[EFX-0010 VERI-ERROR] instantiating unknown module 'key_counter_scan' (VERI-1063) (C:\Users\Administrator\Desktop\wujisuofang\Ti60F225_ADV7611_HDMI_480P\Ti60_ADV7611_HDMI_640x480_EDID\example_top.v:860)
[EFX-0021 ERROR] Verific elaboration of module 'example_top' failed.

///////////////////////////////////
// Efinity Synthesis Started 
// Nov 08, 2024 13:35:24
///////////////////////////////////


///////////////////////////////////
// Efinity Synthesis Started 
// Nov 08, 2024 13:50:42
///////////////////////////////////


///////////////////////////////////
// Efinity Synthesis Started 
// Nov 08, 2024 14:30:54
///////////////////////////////////


///////////////////////////////////
// Efinity Synthesis Started 
// Nov 08, 2024 14:36:40
///////////////////////////////////


///////////////////////////////////
// Efinity Synthesis Started 
// Nov 08, 2024 14:42:41
///////////////////////////////////


///////////////////////////////////
// Efinity Synthesis Started 
// Nov 08, 2024 15:14:31
///////////////////////////////////


///////////////////////////////////
// Efinity Synthesis Started 
// Nov 08, 2024 15:22:24
///////////////////////////////////


///////////////////////////////////
// Efinity Synthesis Started 
// Nov 08, 2024 15:32:59
///////////////////////////////////


///////////////////////////////////
// Efinity Synthesis Started 
// Nov 08, 2024 15:44:28
///////////////////////////////////


///////////////////////////////////
// Efinity Synthesis Started 
// Nov 08, 2024 15:52:15
///////////////////////////////////


///////////////////////////////////
// Efinity Synthesis Started 
// Nov 08, 2024 15:55:08
///////////////////////////////////


///////////////////////////////////
// Efinity Synthesis Started 
// Nov 08, 2024 16:01:29
///////////////////////////////////


///////////////////////////////////
// Efinity Synthesis Started 
// Nov 08, 2024 16:03:20
///////////////////////////////////


///////////////////////////////////
// Efinity Synthesis Started 
// Nov 08, 2024 16:09:41
///////////////////////////////////


///////////////////////////////////
// Efinity Synthesis Started 
// Nov 08, 2024 16:11:41
///////////////////////////////////


///////////////////////////////////
// Efinity Synthesis Started 
// Nov 08, 2024 16:22:15
///////////////////////////////////


///////////////////////////////////
// Efinity Synthesis Started 
// Nov 08, 2024 16:26:12
///////////////////////////////////


///////////////////////////////////
// Efinity Synthesis Started 
// Nov 08, 2024 16:38:39
///////////////////////////////////


///////////////////////////////////
// Efinity Synthesis Started 
// Nov 08, 2024 16:46:22
///////////////////////////////////


///////////////////////////////////
// Efinity Synthesis Started 
// Nov 08, 2024 16:47:16
///////////////////////////////////


///////////////////////////////////
// Efinity Synthesis Started 
// Nov 08, 2024 16:48:37
///////////////////////////////////


///////////////////////////////////
// Efinity Synthesis Started 
// Nov 08, 2024 16:59:34
///////////////////////////////////


///////////////////////////////////
// Efinity Synthesis Started 
// Nov 08, 2024 17:16:11
///////////////////////////////////


///////////////////////////////////
// Efinity Synthesis Started 
// Nov 08, 2024 17:24:22
///////////////////////////////////


///////////////////////////////////
// Efinity Synthesis Started 
// Nov 08, 2024 17:46:58
///////////////////////////////////


///////////////////////////////////
// Efinity Synthesis Started 
// Nov 08, 2024 17:55:56
///////////////////////////////////


///////////////////////////////////
// Efinity Synthesis Started 
// Nov 08, 2024 18:02:01
///////////////////////////////////

